<?xml version="1.0" encoding="UTF-8"?>
<testsuite name="Test" tests="5" skipped="0" failures="0" errors="0" timestamp="2022-11-21T05:39:00" hostname="localhost.localdomain" time="0.032">
  <properties/>
  <testcase name="testSub()" classname="Test" time="0.022"/>
  <testcase name="testpro()" classname="Test" time="0.001"/>
  <testcase name="testsqure()" classname="Test" time="0.001"/>
  <testcase name="testby()" classname="Test" time="0.004"/>
  <testcase name="tstadd()" classname="Test" time="0.001"/>
  <system-out><![CDATA[]]></system-out>
  <system-err><![CDATA[]]></system-err>
</testsuite>
